# JRE version: Java(TM) SE Runtime Environment (8.0_201-b09) (build 1.8.0_201-b09)
# Java VM: Java HotSpot(TM) 64-Bit Server VM (25.201-b09 mixed mode linux-amd64 compressed oops)
Heap:
 PSYoungGen      total 266752K, used 219131K [0x000000076dd00000, 0x0000000793080000, 0x00000007c0000000)
  eden space 47616K, 0% used [0x000000076dd00000,0x000000076dd00000,0x0000000770b80000)
  from space 219136K, 99% used [0x0000000780880000,0x000000078de7ec08,0x000000078de80000)
  to   space 259072K, 0% used [0x0000000770b80000,0x0000000770b80000,0x0000000780880000)
 ParOldGen       total 356864K, used 290092K [0x00000006c9600000, 0x00000006df280000, 0x000000076dd00000)
  object space 356864K, 81% used [0x00000006c9600000,0x00000006db14b1f0,0x00000006df280000)
 Metaspace       used 23772K, capacity 25195K, committed 25264K, reserved 1071104K
  class space    used 3223K, capacity 3497K, committed 3504K, reserved 1048576K
GC Heap History (10 events):
Event: 52.506 GC heap after
Heap after GC invocations=8 (full 2):
 PSYoungGen      total 185344K, used 83852K [0x000000076dd00000, 0x0000000782800000, 0x00000007c0000000)
  eden space 95744K, 0% used [0x000000076dd00000,0x000000076dd00000,0x0000000773a80000)
  from space 89600K, 93% used [0x000000077a100000,0x000000077f2e3010,0x000000077f880000)
  to   space 104960K, 0% used [0x0000000773a80000,0x0000000773a80000,0x000000077a100000)
 ParOldGen       total 356864K, used 195756K [0x00000006c9600000, 0x00000006df280000, 0x000000076dd00000)
  object space 356864K, 54% used [0x00000006c9600000,0x00000006d552b1f0,0x00000006df280000)
 Metaspace       used 23772K, capacity 25195K, committed 25264K, reserved 1071104K
  class space    used 3223K, capacity 3497K, committed 3504K, reserved 1048576K
}
Event: 61.119 GC heap before
{Heap before GC invocations=9 (full 2):
 PSYoungGen      total 185344K, used 179596K [0x000000076dd00000, 0x0000000782800000, 0x00000007c0000000)
  eden space 95744K, 100% used [0x000000076dd00000,0x0000000773a80000,0x0000000773a80000)
  from space 89600K, 93% used [0x000000077a100000,0x000000077f2e3010,0x000000077f880000)
  to   space 104960K, 0% used [0x0000000773a80000,0x0000000773a80000,0x000000077a100000)
 ParOldGen       total 356864K, used 195756K [0x00000006c9600000, 0x00000006df280000, 0x000000076dd00000)
  object space 356864K, 54% used [0x00000006c9600000,0x00000006d552b1f0,0x00000006df280000)
 Metaspace       used 23772K, capacity 25195K, committed 25264K, reserved 1071104K
  class space    used 3223K, capacity 3497K, committed 3504K, reserved 1048576K
Event: 61.262 GC heap after
Heap after GC invocations=9 (full 2):
 PSYoungGen      total 200704K, used 104946K [0x000000076dd00000, 0x0000000786800000, 0x00000007c0000000)
  eden space 95744K, 0% used [0x000000076dd00000,0x000000076dd00000,0x0000000773a80000)
  from space 104960K, 99% used [0x0000000773a80000,0x000000077a0fc808,0x000000077a100000)
  to   space 145408K, 0% used [0x000000077da00000,0x000000077da00000,0x0000000786800000)
 ParOldGen       total 356864K, used 236476K [0x00000006c9600000, 0x00000006df280000, 0x000000076dd00000)
  object space 356864K, 66% used [0x00000006c9600000,0x00000006d7cef1f0,0x00000006df280000)
 Metaspace       used 23772K, capacity 25195K, committed 25264K, reserved 1071104K
  class space    used 3223K, capacity 3497K, committed 3504K, reserved 1048576K
}
Event: 72.556 GC heap before
{Heap before GC invocations=10 (full 2):
 PSYoungGen      total 200704K, used 200690K [0x000000076dd00000, 0x0000000786800000, 0x00000007c0000000)
  eden space 95744K, 100% used [0x000000076dd00000,0x0000000773a80000,0x0000000773a80000)
  from space 104960K, 99% used [0x0000000773a80000,0x000000077a0fc808,0x000000077a100000)
  to   space 145408K, 0% used [0x000000077da00000,0x000000077da00000,0x0000000786800000)
 ParOldGen       total 356864K, used 236476K [0x00000006c9600000, 0x00000006df280000, 0x000000076dd00000)
  object space 356864K, 66% used [0x00000006c9600000,0x00000006d7cef1f0,0x00000006df280000)
 Metaspace       used 23772K, capacity 25195K, committed 25264K, reserved 1071104K
  class space    used 3223K, capacity 3497K, committed 3504K, reserved 1048576K
Event: 72.781 GC heap after
Heap after GC invocations=10 (full 2):
 PSYoungGen      total 222720K, used 145394K [0x000000076dd00000, 0x000000078b200000, 0x00000007c0000000)
  eden space 77312K, 0% used [0x000000076dd00000,0x000000076dd00000,0x0000000772880000)
  from space 145408K, 99% used [0x000000077da00000,0x00000007867fc808,0x0000000786800000)
  to   space 181760K, 0% used [0x0000000772880000,0x0000000772880000,0x000000077da00000)
 ParOldGen       total 356864K, used 260844K [0x00000006c9600000, 0x00000006df280000, 0x000000076dd00000)
  object space 356864K, 73% used [0x00000006c9600000,0x00000006d94bb1f0,0x00000006df280000)
 Metaspace       used 23772K, capacity 25195K, committed 25264K, reserved 1071104K
  class space    used 3223K, capacity 3497K, committed 3504K, reserved 1048576K
}
Event: 81.959 GC heap before
{Heap before GC invocations=11 (full 2):
 PSYoungGen      total 222720K, used 222706K [0x000000076dd00000, 0x000000078b200000, 0x00000007c0000000)
  eden space 77312K, 100% used [0x000000076dd00000,0x0000000772880000,0x0000000772880000)
  from space 145408K, 99% used [0x000000077da00000,0x00000007867fc808,0x0000000786800000)
  to   space 181760K, 0% used [0x0000000772880000,0x0000000772880000,0x000000077da00000)
 ParOldGen       total 356864K, used 260844K [0x00000006c9600000, 0x00000006df280000, 0x000000076dd00000)
  object space 356864K, 73% used [0x00000006c9600000,0x00000006d94bb1f0,0x00000006df280000)
 Metaspace       used 23772K, capacity 25195K, committed 25264K, reserved 1071104K
  class space    used 3223K, capacity 3497K, committed 3504K, reserved 1048576K
Event: 82.066 GC heap after
Heap after GC invocations=11 (full 2):
 PSYoungGen      total 259072K, used 181746K [0x000000076dd00000, 0x000000078de80000, 0x00000007c0000000)
  eden space 77312K, 0% used [0x000000076dd00000,0x000000076dd00000,0x0000000772880000)
  from space 181760K, 99% used [0x0000000772880000,0x000000077d9fc808,0x000000077da00000)
  to   space 219136K, 0% used [0x0000000780880000,0x0000000780880000,0x000000078de80000)
 ParOldGen       total 356864K, used 276636K [0x00000006c9600000, 0x00000006df280000, 0x000000076dd00000)
  object space 356864K, 77% used [0x00000006c9600000,0x00000006da4271f0,0x00000006df280000)
 Metaspace       used 23772K, capacity 25195K, committed 25264K, reserved 1071104K
  class space    used 3223K, capacity 3497K, committed 3504K, reserved 1048576K
}
Event: 85.652 GC heap before
{Heap before GC invocations=12 (full 2):
 PSYoungGen      total 259072K, used 259058K [0x000000076dd00000, 0x000000078de80000, 0x00000007c0000000)
  eden space 77312K, 100% used [0x000000076dd00000,0x0000000772880000,0x0000000772880000)
  from space 181760K, 99% used [0x0000000772880000,0x000000077d9fc808,0x000000077da00000)
  to   space 219136K, 0% used [0x0000000780880000,0x0000000780880000,0x000000078de80000)
 ParOldGen       total 356864K, used 276636K [0x00000006c9600000, 0x00000006df280000, 0x000000076dd00000)
  object space 356864K, 77% used [0x00000006c9600000,0x00000006da4271f0,0x00000006df280000)
 Metaspace       used 23772K, capacity 25195K, committed 25264K, reserved 1071104K
  class space    used 3223K, capacity 3497K, committed 3504K, reserved 1048576K
Event: 85.813 GC heap after
Heap after GC invocations=12 (full 2):
 PSYoungGen      total 266752K, used 219131K [0x000000076dd00000, 0x0000000793080000, 0x00000007c0000000)
  eden space 47616K, 0% used [0x000000076dd00000,0x000000076dd00000,0x0000000770b80000)
  from space 219136K, 99% used [0x0000000780880000,0x000000078de7ec08,0x000000078de80000)
  to   space 259072K, 0% used [0x0000000770b80000,0x0000000770b80000,0x0000000780880000)
 ParOldGen       total 356864K, used 290092K [0x00000006c9600000, 0x00000006df280000, 0x000000076dd00000)
  object space 356864K, 81% used [0x00000006c9600000,0x00000006db14b1f0,0x00000006df280000)
 Metaspace       used 23772K, capacity 25195K, committed 25264K, reserved 1071104K
  class space    used 3223K, capacity 3497K, committed 3504K, reserved 1048576K
}
Event: 85.813 GC heap before
{Heap before GC invocations=13 (full 3):
 PSYoungGen      total 266752K, used 219131K [0x000000076dd00000, 0x0000000793080000, 0x00000007c0000000)
  eden space 47616K, 0% used [0x000000076dd00000,0x000000076dd00000,0x0000000770b80000)
  from space 219136K, 99% used [0x0000000780880000,0x000000078de7ec08,0x000000078de80000)
  to   space 259072K, 0% used [0x0000000770b80000,0x0000000770b80000,0x0000000780880000)
 ParOldGen       total 356864K, used 290092K [0x00000006c9600000, 0x00000006df280000, 0x000000076dd00000)
  object space 356864K, 81% used [0x00000006c9600000,0x00000006db14b1f0,0x00000006df280000)
 Metaspace       used 23772K, capacity 25195K, committed 25264K, reserved 1071104K
  class space    used 3223K, capacity 3497K, committed 3504K, reserved 1048576K

